1558343824.465085 client started (11493): version 2.9a, socket /tmp//tmux-647313979/default, protocol 8
1558343824.465146 on Darwin 18.6.0 Darwin Kernel Version 18.6.0: Thu Apr 25 23:16:27 PDT 2019; root:xnu-4903.261.4~2/RELEASE_X86_64; libevent 2.1.8-stable (select)
1558343824.465186 socket is /tmp//tmux-647313979/default
1558343824.465210 trying connect
1558343824.465247 connect failed: No such file or directory
1558343824.465361 lock file is /tmp//tmux-647313979/default.lock
1558343824.465467 flock succeeded
1558343824.465479 got lock (6)
1558343824.465490 trying connect
1558343824.465509 connect failed: No such file or directory
1558343824.465924 add peer 0x101aaa000: 7 (0x0)
1558343824.467354 sending message 100 to peer 0x101aaa000 (4 bytes)
1558343824.467388 sending message 101 to peer 0x101aaa000 (15 bytes)
1558343824.467401 sending message 102 to peer 0x101aaa000 (13 bytes)
1558343824.467411 sending message 108 to peer 0x101aaa000 (22 bytes)
1558343824.467431 sending message 104 to peer 0x101aaa000 (0 bytes)
1558343824.467440 sending message 107 to peer 0x101aaa000 (4 bytes)
1558343824.467450 sending message 105 to peer 0x101aaa000 (76 bytes)
1558343824.467459 sending message 105 to peer 0x101aaa000 (14 bytes)
1558343824.467468 sending message 105 to peer 0x101aaa000 (20 bytes)
1558343824.467477 sending message 105 to peer 0x101aaa000 (22 bytes)
1558343824.467485 sending message 105 to peer 0x101aaa000 (18 bytes)
1558343824.467497 sending message 105 to peer 0x101aaa000 (22 bytes)
1558343824.467509 sending message 105 to peer 0x101aaa000 (61 bytes)
1558343824.467518 sending message 105 to peer 0x101aaa000 (17 bytes)
1558343824.467536 sending message 105 to peer 0x101aaa000 (14 bytes)
1558343824.467547 sending message 105 to peer 0x101aaa000 (50 bytes)
1558343824.467557 sending message 105 to peer 0x101aaa000 (26 bytes)
1558343824.467567 sending message 105 to peer 0x101aaa000 (26 bytes)
1558343824.467576 sending message 105 to peer 0x101aaa000 (8 bytes)
1558343824.467591 sending message 105 to peer 0x101aaa000 (66 bytes)
1558343824.467601 sending message 105 to peer 0x101aaa000 (20 bytes)
1558343824.467611 sending message 105 to peer 0x101aaa000 (23 bytes)
1558343824.467621 sending message 105 to peer 0x101aaa000 (27 bytes)
1558343824.467631 sending message 105 to peer 0x101aaa000 (60 bytes)
1558343824.467641 sending message 105 to peer 0x101aaa000 (57 bytes)
1558343824.467651 sending message 105 to peer 0x101aaa000 (11 bytes)
1558343824.467659 sending message 105 to peer 0x101aaa000 (14 bytes)
1558343824.467668 sending message 105 to peer 0x101aaa000 (19 bytes)
1558343824.467677 sending message 105 to peer 0x101aaa000 (33 bytes)
1558343824.467686 sending message 106 to peer 0x101aaa000 (0 bytes)
1558343824.467698 sending message 200 to peer 0x101aaa000 (4 bytes)
1558343824.467708 client loop enter
1558343824.489753 peer 0x101aaa000 message 207
1558343824.489781 sending message 208 to peer 0x101aaa000 (0 bytes)
1558343827.027916 peer 0x101aaa000 message 203
1558343827.027956 sending message 205 to peer 0x101aaa000 (0 bytes)
1558343827.028232 peer 0x101aaa000 message 204
1558343827.028261 client loop exit
